Info: Starting: Create block symbol file (.bsf)
Info: qsys-generate C:\Users\tjmoo\Documents\elec50009\nios_setup_v2.qsys --block-symbol-file --output-directory=C:\Users\tjmoo\Documents\elec50009\nios_setup_v2 --family="MAX 10" --part=10M02DCU324A6G
Progress: Loading elec50009/nios_setup_v2.qsys
Progress: Reading input file
Progress: Adding button [altera_avalon_pio 20.1]
Progress: Parameterizing module button
Progress: Adding clk [clock_source 20.1]
Progress: Parameterizing module clk
Progress: Adding cpu [altera_nios2_gen2 20.1]
Progress: Parameterizing module cpu
Progress: Adding hex0 [altera_avalon_pio 20.1]
Progress: Parameterizing module hex0
Progress: Adding hex1 [altera_avalon_pio 20.1]
Progress: Parameterizing module hex1
Progress: Adding hex2 [altera_avalon_pio 20.1]
Progress: Parameterizing module hex2
Progress: Adding hex3 [altera_avalon_pio 20.1]
Progress: Parameterizing module hex3
Progress: Adding hex4 [altera_avalon_pio 20.1]
Progress: Parameterizing module hex4
Progress: Adding hex5 [altera_avalon_pio 20.1]
Progress: Parameterizing module hex5
Progress: Adding jtag_uart [altera_avalon_jtag_uart 20.1]
Progress: Parameterizing module jtag_uart
Progress: Adding led [altera_avalon_pio 20.1]
Progress: Parameterizing module led
Progress: Adding onchip_memory [altera_avalon_onchip_memory2 20.1]
Progress: Parameterizing module onchip_memory
Progress: Adding switch [altera_avalon_pio 20.1]
Progress: Parameterizing module switch
Progress: Building connections
Progress: Parameterizing connections
Progress: Validating
Progress: Done reading input file
Info: nios_setup_v2.button: PIO inputs are not hardwired in test bench. Undefined values will be read from PIO inputs during simulation.
Info: nios_setup_v2.jtag_uart: JTAG UART IP input clock need to be at least double (2x) the operating frequency of JTAG TCK on board
Info: nios_setup_v2.switch: PIO inputs are not hardwired in test bench. Undefined values will be read from PIO inputs during simulation.
Info: qsys-generate succeeded.
Info: Finished: Create block symbol file (.bsf)
Info: 
Info: Starting: Create HDL design files for synthesis
Info: qsys-generate C:\Users\tjmoo\Documents\elec50009\nios_setup_v2.qsys --synthesis=VERILOG --output-directory=C:\Users\tjmoo\Documents\elec50009\nios_setup_v2\synthesis --family="MAX 10" --part=10M02DCU324A6G
Progress: Loading elec50009/nios_setup_v2.qsys
Progress: Reading input file
Progress: Adding button [altera_avalon_pio 20.1]
Progress: Parameterizing module button
Progress: Adding clk [clock_source 20.1]
Progress: Parameterizing module clk
Progress: Adding cpu [altera_nios2_gen2 20.1]
Progress: Parameterizing module cpu
Progress: Adding hex0 [altera_avalon_pio 20.1]
Progress: Parameterizing module hex0
Progress: Adding hex1 [altera_avalon_pio 20.1]
Progress: Parameterizing module hex1
Progress: Adding hex2 [altera_avalon_pio 20.1]
Progress: Parameterizing module hex2
Progress: Adding hex3 [altera_avalon_pio 20.1]
Progress: Parameterizing module hex3
Progress: Adding hex4 [altera_avalon_pio 20.1]
Progress: Parameterizing module hex4
Progress: Adding hex5 [altera_avalon_pio 20.1]
Progress: Parameterizing module hex5
Progress: Adding jtag_uart [altera_avalon_jtag_uart 20.1]
Progress: Parameterizing module jtag_uart
Progress: Adding led [altera_avalon_pio 20.1]
Progress: Parameterizing module led
Progress: Adding onchip_memory [altera_avalon_onchip_memory2 20.1]
Progress: Parameterizing module onchip_memory
Progress: Adding switch [altera_avalon_pio 20.1]
Progress: Parameterizing module switch
Progress: Building connections
Progress: Parameterizing connections
Progress: Validating
Progress: Done reading input file
Info: nios_setup_v2.button: PIO inputs are not hardwired in test bench. Undefined values will be read from PIO inputs during simulation.
Info: nios_setup_v2.jtag_uart: JTAG UART IP input clock need to be at least double (2x) the operating frequency of JTAG TCK on board
Info: nios_setup_v2.switch: PIO inputs are not hardwired in test bench. Undefined values will be read from PIO inputs during simulation.
Info: nios_setup_v2: Generating nios_setup_v2 "nios_setup_v2" for QUARTUS_SYNTH
Info: button: Starting RTL generation for module 'nios_setup_v2_button'
Info: button:   Generation command is [exec C:/intelfpga_lite/20.1/quartus/bin64/perl/bin/perl.exe -I C:/intelfpga_lite/20.1/quartus/bin64/perl/lib -I C:/intelfpga_lite/20.1/quartus/sopc_builder/bin/europa -I C:/intelfpga_lite/20.1/quartus/sopc_builder/bin -I C:/intelfpga_lite/20.1/quartus/../ip/altera/sopc_builder_ip/common -I C:/intelfpga_lite/20.1/quartus/../ip/altera/sopc_builder_ip/altera_avalon_pio -- C:/intelfpga_lite/20.1/quartus/../ip/altera/sopc_builder_ip/altera_avalon_pio/generate_rtl.pl --name=nios_setup_v2_button --dir=C:/Users/tjmoo/AppData/Local/Temp/alt8671_1190440382658118869.dir/0002_button_gen/ --quartus_dir=C:/intelfpga_lite/20.1/quartus --verilog --config=C:/Users/tjmoo/AppData/Local/Temp/alt8671_1190440382658118869.dir/0002_button_gen//nios_setup_v2_button_component_configuration.pl  --do_build_sim=0  ]
Info: button: Done RTL generation for module 'nios_setup_v2_button'
Info: button: "nios_setup_v2" instantiated altera_avalon_pio "button"
Info: cpu: "nios_setup_v2" instantiated altera_nios2_gen2 "cpu"
Info: hex0: Starting RTL generation for module 'nios_setup_v2_hex0'
Info: hex0:   Generation command is [exec C:/intelfpga_lite/20.1/quartus/bin64/perl/bin/perl.exe -I C:/intelfpga_lite/20.1/quartus/bin64/perl/lib -I C:/intelfpga_lite/20.1/quartus/sopc_builder/bin/europa -I C:/intelfpga_lite/20.1/quartus/sopc_builder/bin -I C:/intelfpga_lite/20.1/quartus/../ip/altera/sopc_builder_ip/common -I C:/intelfpga_lite/20.1/quartus/../ip/altera/sopc_builder_ip/altera_avalon_pio -- C:/intelfpga_lite/20.1/quartus/../ip/altera/sopc_builder_ip/altera_avalon_pio/generate_rtl.pl --name=nios_setup_v2_hex0 --dir=C:/Users/tjmoo/AppData/Local/Temp/alt8671_1190440382658118869.dir/0003_hex0_gen/ --quartus_dir=C:/intelfpga_lite/20.1/quartus --verilog --config=C:/Users/tjmoo/AppData/Local/Temp/alt8671_1190440382658118869.dir/0003_hex0_gen//nios_setup_v2_hex0_component_configuration.pl  --do_build_sim=0  ]
Info: hex0: Done RTL generation for module 'nios_setup_v2_hex0'
Info: hex0: "nios_setup_v2" instantiated altera_avalon_pio "hex0"
Info: jtag_uart: Starting RTL generation for module 'nios_setup_v2_jtag_uart'
Info: jtag_uart:   Generation command is [exec C:/intelfpga_lite/20.1/quartus/bin64/perl/bin/perl.exe -I C:/intelfpga_lite/20.1/quartus/bin64/perl/lib -I C:/intelfpga_lite/20.1/quartus/sopc_builder/bin/europa -I C:/intelfpga_lite/20.1/quartus/sopc_builder/bin -I C:/intelfpga_lite/20.1/quartus/../ip/altera/sopc_builder_ip/common -I C:/intelfpga_lite/20.1/quartus/../ip/altera/sopc_builder_ip/altera_avalon_jtag_uart -- C:/intelfpga_lite/20.1/quartus/../ip/altera/sopc_builder_ip/altera_avalon_jtag_uart/generate_rtl.pl --name=nios_setup_v2_jtag_uart --dir=C:/Users/tjmoo/AppData/Local/Temp/alt8671_1190440382658118869.dir/0004_jtag_uart_gen/ --quartus_dir=C:/intelfpga_lite/20.1/quartus --verilog --config=C:/Users/tjmoo/AppData/Local/Temp/alt8671_1190440382658118869.dir/0004_jtag_uart_gen//nios_setup_v2_jtag_uart_component_configuration.pl  --do_build_sim=0  ]
Info: jtag_uart: Done RTL generation for module 'nios_setup_v2_jtag_uart'
Info: jtag_uart: "nios_setup_v2" instantiated altera_avalon_jtag_uart "jtag_uart"
Info: led: Starting RTL generation for module 'nios_setup_v2_led'
Info: led:   Generation command is [exec C:/intelfpga_lite/20.1/quartus/bin64/perl/bin/perl.exe -I C:/intelfpga_lite/20.1/quartus/bin64/perl/lib -I C:/intelfpga_lite/20.1/quartus/sopc_builder/bin/europa -I C:/intelfpga_lite/20.1/quartus/sopc_builder/bin -I C:/intelfpga_lite/20.1/quartus/../ip/altera/sopc_builder_ip/common -I C:/intelfpga_lite/20.1/quartus/../ip/altera/sopc_builder_ip/altera_avalon_pio -- C:/intelfpga_lite/20.1/quartus/../ip/altera/sopc_builder_ip/altera_avalon_pio/generate_rtl.pl --name=nios_setup_v2_led --dir=C:/Users/tjmoo/AppData/Local/Temp/alt8671_1190440382658118869.dir/0005_led_gen/ --quartus_dir=C:/intelfpga_lite/20.1/quartus --verilog --config=C:/Users/tjmoo/AppData/Local/Temp/alt8671_1190440382658118869.dir/0005_led_gen//nios_setup_v2_led_component_configuration.pl  --do_build_sim=0  ]
Info: led: Done RTL generation for module 'nios_setup_v2_led'
Info: led: "nios_setup_v2" instantiated altera_avalon_pio "led"
Info: onchip_memory: Starting RTL generation for module 'nios_setup_v2_onchip_memory'
Info: onchip_memory:   Generation command is [exec C:/intelfpga_lite/20.1/quartus/bin64/perl/bin/perl.exe -I C:/intelfpga_lite/20.1/quartus/bin64/perl/lib -I C:/intelfpga_lite/20.1/quartus/sopc_builder/bin/europa -I C:/intelfpga_lite/20.1/quartus/sopc_builder/bin -I C:/intelfpga_lite/20.1/quartus/../ip/altera/sopc_builder_ip/common -I C:/intelfpga_lite/20.1/quartus/../ip/altera/sopc_builder_ip/altera_avalon_onchip_memory2 -- C:/intelfpga_lite/20.1/quartus/../ip/altera/sopc_builder_ip/altera_avalon_onchip_memory2/generate_rtl.pl --name=nios_setup_v2_onchip_memory --dir=C:/Users/tjmoo/AppData/Local/Temp/alt8671_1190440382658118869.dir/0006_onchip_memory_gen/ --quartus_dir=C:/intelfpga_lite/20.1/quartus --verilog --config=C:/Users/tjmoo/AppData/Local/Temp/alt8671_1190440382658118869.dir/0006_onchip_memory_gen//nios_setup_v2_onchip_memory_component_configuration.pl  --do_build_sim=0  ]
Info: onchip_memory: Done RTL generation for module 'nios_setup_v2_onchip_memory'
Info: onchip_memory: "nios_setup_v2" instantiated altera_avalon_onchip_memory2 "onchip_memory"
Info: switch: Starting RTL generation for module 'nios_setup_v2_switch'
Info: switch:   Generation command is [exec C:/intelfpga_lite/20.1/quartus/bin64/perl/bin/perl.exe -I C:/intelfpga_lite/20.1/quartus/bin64/perl/lib -I C:/intelfpga_lite/20.1/quartus/sopc_builder/bin/europa -I C:/intelfpga_lite/20.1/quartus/sopc_builder/bin -I C:/intelfpga_lite/20.1/quartus/../ip/altera/sopc_builder_ip/common -I C:/intelfpga_lite/20.1/quartus/../ip/altera/sopc_builder_ip/altera_avalon_pio -- C:/intelfpga_lite/20.1/quartus/../ip/altera/sopc_builder_ip/altera_avalon_pio/generate_rtl.pl --name=nios_setup_v2_switch --dir=C:/Users/tjmoo/AppData/Local/Temp/alt8671_1190440382658118869.dir/0007_switch_gen/ --quartus_dir=C:/intelfpga_lite/20.1/quartus --verilog --config=C:/Users/tjmoo/AppData/Local/Temp/alt8671_1190440382658118869.dir/0007_switch_gen//nios_setup_v2_switch_component_configuration.pl  --do_build_sim=0  ]
Info: switch: Done RTL generation for module 'nios_setup_v2_switch'
Info: switch: "nios_setup_v2" instantiated altera_avalon_pio "switch"
Info: avalon_st_adapter: Inserting error_adapter: error_adapter_0
Info: avalon_st_adapter_001: Inserting error_adapter: error_adapter_0
Info: avalon_st_adapter_002: Inserting error_adapter: error_adapter_0
Info: avalon_st_adapter_003: Inserting error_adapter: error_adapter_0
Info: avalon_st_adapter_004: Inserting error_adapter: error_adapter_0
Info: avalon_st_adapter_005: Inserting error_adapter: error_adapter_0
Info: avalon_st_adapter_006: Inserting error_adapter: error_adapter_0
Info: avalon_st_adapter_007: Inserting error_adapter: error_adapter_0
Info: avalon_st_adapter_008: Inserting error_adapter: error_adapter_0
Info: avalon_st_adapter_009: Inserting error_adapter: error_adapter_0
Info: avalon_st_adapter_010: Inserting error_adapter: error_adapter_0
Info: avalon_st_adapter_011: Inserting error_adapter: error_adapter_0
Info: mm_interconnect_0: "nios_setup_v2" instantiated altera_mm_interconnect "mm_interconnect_0"
Info: irq_mapper: "nios_setup_v2" instantiated altera_irq_mapper "irq_mapper"
Info: rst_controller: "nios_setup_v2" instantiated altera_reset_controller "rst_controller"
Info: cpu: Starting RTL generation for module 'nios_setup_v2_cpu_cpu'
Info: cpu:   Generation command is [exec C:/intelFPGA_lite/20.1/quartus/bin64//perl/bin/perl.exe -I C:/intelFPGA_lite/20.1/quartus/bin64//perl/lib -I C:/intelfpga_lite/20.1/quartus/sopc_builder/bin/europa -I C:/intelfpga_lite/20.1/quartus/sopc_builder/bin -I C:/intelfpga_lite/20.1/quartus/../ip/altera/nios2_ip/altera_nios2_gen2/cpu_lib -I C:/intelfpga_lite/20.1/quartus/../ip/altera/nios2_ip/altera_nios2_gen2/nios_lib -I C:/intelfpga_lite/20.1/quartus/../ip/altera/nios2_ip/altera_nios2_gen2 -I C:/intelfpga_lite/20.1/quartus/../ip/altera/nios2_ip/altera_nios2_gen2 -- C:/intelfpga_lite/20.1/quartus/../ip/altera/nios2_ip/altera_nios2_gen2/generate_rtl.pl --name=nios_setup_v2_cpu_cpu --dir=C:/Users/tjmoo/AppData/Local/Temp/alt8671_1190440382658118869.dir/0010_cpu_gen/ --quartus_bindir=C:/intelFPGA_lite/20.1/quartus/bin64/ --verilog --config=C:/Users/tjmoo/AppData/Local/Temp/alt8671_1190440382658118869.dir/0010_cpu_gen//nios_setup_v2_cpu_cpu_processor_configuration.pl  --do_build_sim=0  ]
Info: cpu: # 2021.02.13 13:16:29 (*) Starting Nios II generation
Info: cpu: # 2021.02.13 13:16:29 (*)   Elaborating CPU configuration settings
Info: cpu: # 2021.02.13 13:16:29 (*)   Creating all objects for CPU
Info: cpu: # 2021.02.13 13:16:31 (*)   Generating RTL from CPU objects
Info: cpu: # 2021.02.13 13:16:31 (*)   Creating plain-text RTL
Info: cpu: # 2021.02.13 13:16:32 (*) Done Nios II generation
Info: cpu: Done RTL generation for module 'nios_setup_v2_cpu_cpu'
Info: cpu: "cpu" instantiated altera_nios2_gen2_unit "cpu"
Info: cpu_data_master_translator: "mm_interconnect_0" instantiated altera_merlin_master_translator "cpu_data_master_translator"
Info: jtag_uart_avalon_jtag_slave_translator: "mm_interconnect_0" instantiated altera_merlin_slave_translator "jtag_uart_avalon_jtag_slave_translator"
Info: cpu_data_master_agent: "mm_interconnect_0" instantiated altera_merlin_master_agent "cpu_data_master_agent"
Info: jtag_uart_avalon_jtag_slave_agent: "mm_interconnect_0" instantiated altera_merlin_slave_agent "jtag_uart_avalon_jtag_slave_agent"
Info: jtag_uart_avalon_jtag_slave_agent_rsp_fifo: "mm_interconnect_0" instantiated altera_avalon_sc_fifo "jtag_uart_avalon_jtag_slave_agent_rsp_fifo"
Info: router: "mm_interconnect_0" instantiated altera_merlin_router "router"
Info: router_001: "mm_interconnect_0" instantiated altera_merlin_router "router_001"
Info: router_002: "mm_interconnect_0" instantiated altera_merlin_router "router_002"
Info: router_003: "mm_interconnect_0" instantiated altera_merlin_router "router_003"
Info: cmd_demux: "mm_interconnect_0" instantiated altera_merlin_demultiplexer "cmd_demux"
Info: cmd_demux_001: "mm_interconnect_0" instantiated altera_merlin_demultiplexer "cmd_demux_001"
Info: cmd_mux: "mm_interconnect_0" instantiated altera_merlin_multiplexer "cmd_mux"
Info: cmd_mux_001: "mm_interconnect_0" instantiated altera_merlin_multiplexer "cmd_mux_001"
Info: Reusing file C:/Users/tjmoo/Documents/elec50009/nios_setup_v2/synthesis/submodules/altera_merlin_arbitrator.sv
Info: rsp_demux: "mm_interconnect_0" instantiated altera_merlin_demultiplexer "rsp_demux"
Info: rsp_mux: "mm_interconnect_0" instantiated altera_merlin_multiplexer "rsp_mux"
Info: Reusing file C:/Users/tjmoo/Documents/elec50009/nios_setup_v2/synthesis/submodules/altera_merlin_arbitrator.sv
Info: rsp_mux_001: "mm_interconnect_0" instantiated altera_merlin_multiplexer "rsp_mux_001"
Info: Reusing file C:/Users/tjmoo/Documents/elec50009/nios_setup_v2/synthesis/submodules/altera_merlin_arbitrator.sv
Info: avalon_st_adapter: "mm_interconnect_0" instantiated altera_avalon_st_adapter "avalon_st_adapter"
Info: error_adapter_0: "avalon_st_adapter" instantiated error_adapter "error_adapter_0"
Info: nios_setup_v2: Done "nios_setup_v2" with 30 modules, 42 files
Info: qsys-generate succeeded.
Info: Finished: Create HDL design files for synthesis
