Info: Starting: Create block symbol file (.bsf)
Info: qsys-generate C:\Users\tjmoo\Documents\elec50009\nios_setup_v2.qsys --block-symbol-file --output-directory=C:\Users\tjmoo\Documents\elec50009\nios_setup_v2 --family="MAX 10" --part=10M02DCU324A6G
Progress: Loading elec50009/nios_setup_v2.qsys
Progress: Reading input file
Progress: Adding button [altera_avalon_pio 20.1]
Progress: Parameterizing module button
Progress: Adding clk [clock_source 20.1]
Progress: Parameterizing module clk
Progress: Adding cpu [altera_nios2_gen2 20.1]
Progress: Parameterizing module cpu
Progress: Adding hex0 [altera_avalon_pio 20.1]
Progress: Parameterizing module hex0
Progress: Adding hex1 [altera_avalon_pio 20.1]
Progress: Parameterizing module hex1
Progress: Adding hex2 [altera_avalon_pio 20.1]
Progress: Parameterizing module hex2
Progress: Adding hex3 [altera_avalon_pio 20.1]
Progress: Parameterizing module hex3
Progress: Adding hex4 [altera_avalon_pio 20.1]
Progress: Parameterizing module hex4
Progress: Adding hex5 [altera_avalon_pio 20.1]
Progress: Parameterizing module hex5
Progress: Adding jtag_uart [altera_avalon_jtag_uart 20.1]
Progress: Parameterizing module jtag_uart
Progress: Adding led [altera_avalon_pio 20.1]
Progress: Parameterizing module led
Progress: Adding onchip_memory [altera_avalon_onchip_memory2 20.1]
Progress: Parameterizing module onchip_memory
Progress: Adding switch [altera_avalon_pio 20.1]
Progress: Parameterizing module switch
Progress: Building connections
Progress: Parameterizing connections
Progress: Validating
Progress: Done reading input file
Info: nios_setup_v2.button: PIO inputs are not hardwired in test bench. Undefined values will be read from PIO inputs during simulation.
Info: nios_setup_v2.jtag_uart: JTAG UART IP input clock need to be at least double (2x) the operating frequency of JTAG TCK on board
Info: nios_setup_v2.switch: PIO inputs are not hardwired in test bench. Undefined values will be read from PIO inputs during simulation.
Info: qsys-generate succeeded.
Info: Stopping: Create block symbol file (.bsf)
