Flow report for DE10_LITE_Golden_Top
Wed Mar 24 13:05:07 2021
Quartus Prime Version 18.1.0 Build 625 09/12/2018 SJ Lite Edition


---------------------
; Table of Contents ;
---------------------
  1. Legal Notice
  2. Flow Summary
  3. Flow Settings
  4. Flow Non-Default Global Settings
  5. Flow Elapsed Time
  6. Flow OS Summary
  7. Flow Log
  8. Flow Messages
  9. Flow Suppressed Messages



----------------
; Legal Notice ;
----------------
Copyright (C) 2018  Intel Corporation. All rights reserved.
Your use of Intel Corporation's design tools, logic functions 
and other software and tools, and its AMPP partner logic 
functions, and any output files from any of the foregoing 
(including device programming or simulation files), and any 
associated documentation or information are expressly subject 
to the terms and conditions of the Intel Program License 
Subscription Agreement, the Intel Quartus Prime License Agreement,
the Intel FPGA IP License Agreement, or other applicable license
agreement, including, without limitation, that your use is for
the sole purpose of programming logic devices manufactured by
Intel and sold by Intel or its authorized distributors.  Please
refer to the applicable agreement for further details.



+-------------------------------------------------------------------------------------------+
; Flow Summary                                                                              ;
+------------------------------------+------------------------------------------------------+
; Flow Status                        ; EDA Netlist Writer Failed - Wed Mar 24 13:05:07 2021 ;
; Quartus Prime Version              ; 18.1.0 Build 625 09/12/2018 SJ Lite Edition          ;
; Revision Name                      ; DE10_LITE_Golden_Top                                 ;
; Top-level Entity Name              ; DE10_LITE_Golden_Top                                 ;
; Family                             ; MAX 10                                               ;
; Device                             ; 10M50DAF484C7G                                       ;
; Timing Models                      ; Final                                                ;
; Total logic elements               ; 4,989 / 49,760 ( 10 % )                              ;
;     Total combinational functions  ; 4,376 / 49,760 ( 9 % )                               ;
;     Dedicated logic registers      ; 3,157 / 49,760 ( 6 % )                               ;
; Total registers                    ; 3224                                                 ;
; Total pins                         ; 185 / 360 ( 51 % )                                   ;
; Total virtual pins                 ; 0                                                    ;
; Total memory bits                  ; 64,896 / 1,677,312 ( 4 % )                           ;
; Embedded Multiplier 9-bit elements ; 0 / 288 ( 0 % )                                      ;
; Total PLLs                         ; 0 / 4 ( 0 % )                                        ;
; UFM blocks                         ; 0 / 1 ( 0 % )                                        ;
; ADC blocks                         ; 0 / 2 ( 0 % )                                        ;
+------------------------------------+------------------------------------------------------+


+------------------------------------------+
; Flow Settings                            ;
+-------------------+----------------------+
; Option            ; Setting              ;
+-------------------+----------------------+
; Start date & time ; 03/24/2021 13:03:03  ;
; Main task         ; Compilation          ;
; Revision Name     ; DE10_LITE_Golden_Top ;
+-------------------+----------------------+


+------------------------------------------------------------------------------------------------------------------------------------------------+
; Flow Non-Default Global Settings                                                                                                               ;
+-------------------------------------+----------------------------------------+---------------+-------------+-----------------------------------+
; Assignment Name                     ; Value                                  ; Default Value ; Entity Name ; Section Id                        ;
+-------------------------------------+----------------------------------------+---------------+-------------+-----------------------------------+
; COMPILER_SIGNATURE_ID               ; 173794764016600.161659098225407        ; --            ; --          ; --                                ;
; EDA_GENERATE_FUNCTIONAL_NETLIST     ; Off                                    ; --            ; --          ; eda_board_design_timing           ;
; EDA_GENERATE_FUNCTIONAL_NETLIST     ; Off                                    ; --            ; --          ; eda_board_design_boundary_scan    ;
; EDA_GENERATE_FUNCTIONAL_NETLIST     ; Off                                    ; --            ; --          ; eda_board_design_signal_integrity ;
; EDA_GENERATE_FUNCTIONAL_NETLIST     ; Off                                    ; --            ; --          ; eda_board_design_symbol           ;
; EDA_OUTPUT_DATA_FORMAT              ; Verilog Hdl                            ; --            ; --          ; eda_simulation                    ;
; EDA_SIMULATION_TOOL                 ; ModelSim-Altera (Verilog)              ; <None>        ; --          ; --                                ;
; EDA_TIME_SCALE                      ; 1 ps                                   ; --            ; --          ; eda_simulation                    ;
; MAX_CORE_JUNCTION_TEMP              ; 85                                     ; --            ; --          ; --                                ;
; MIN_CORE_JUNCTION_TEMP              ; 0                                      ; --            ; --          ; --                                ;
; PARTITION_COLOR                     ; -- (Not supported for targeted family) ; --            ; --          ; Top                               ;
; PARTITION_FITTER_PRESERVATION_LEVEL ; -- (Not supported for targeted family) ; --            ; --          ; Top                               ;
; PARTITION_NETLIST_TYPE              ; -- (Not supported for targeted family) ; --            ; --          ; Top                               ;
; PROJECT_OUTPUT_DIRECTORY            ; output_files                           ; --            ; --          ; --                                ;
+-------------------------------------+----------------------------------------+---------------+-------------+-----------------------------------+


+--------------------------------------------------------------------------------------------------------------------------+
; Flow Elapsed Time                                                                                                        ;
+----------------------+--------------+-------------------------+---------------------+------------------------------------+
; Module Name          ; Elapsed Time ; Average Processors Used ; Peak Virtual Memory ; Total CPU Time (on all processors) ;
+----------------------+--------------+-------------------------+---------------------+------------------------------------+
; Analysis & Synthesis ; 00:01:14     ; 1.0                     ; 1206 MB             ; 00:02:26                           ;
; Fitter               ; 00:00:31     ; 1.7                     ; 2297 MB             ; 00:00:57                           ;
; Assembler            ; 00:00:03     ; 1.0                     ; 822 MB              ; 00:00:03                           ;
; Timing Analyzer      ; 00:00:06     ; 2.9                     ; 1048 MB             ; 00:00:14                           ;
; EDA Netlist Writer   ; 00:00:02     ; 1.0                     ; 1074 MB             ; 00:00:02                           ;
; Total                ; 00:01:56     ; --                      ; --                  ; 00:03:42                           ;
+----------------------+--------------+-------------------------+---------------------+------------------------------------+


+---------------------------------------------------------------------------------+
; Flow OS Summary                                                                 ;
+----------------------+------------------+---------+------------+----------------+
; Module Name          ; Machine Hostname ; OS Name ; OS Version ; Processor type ;
+----------------------+------------------+---------+------------+----------------+
; Analysis & Synthesis ; tm               ; Void \r ; Void \r    ; x86_64         ;
; Fitter               ; tm               ; Void \r ; Void \r    ; x86_64         ;
; Assembler            ; tm               ; Void \r ; Void \r    ; x86_64         ;
; Timing Analyzer      ; tm               ; Void \r ; Void \r    ; x86_64         ;
; EDA Netlist Writer   ; tm               ; Void \r ; Void \r    ; x86_64         ;
+----------------------+------------------+---------+------------+----------------+


------------
; Flow Log ;
------------
quartus_map --read_settings_files=on --write_settings_files=off hello_world_lab -c DE10_LITE_Golden_Top
quartus_fit --read_settings_files=off --write_settings_files=off hello_world_lab -c DE10_LITE_Golden_Top
quartus_asm --read_settings_files=off --write_settings_files=off hello_world_lab -c DE10_LITE_Golden_Top
quartus_sta hello_world_lab -c DE10_LITE_Golden_Top
quartus_eda --read_settings_files=off --write_settings_files=off hello_world_lab -c DE10_LITE_Golden_Top



